<?xml version="1.0" encoding="UTF-8"?>
<!-- Generated by org.testng.reporters.JUnitReportReporter -->
<testsuite skipped="0" hostname="LAPTOP-SE7SPNIA" name="Saikumar.sairam.SaiTest" tests="1" failures="0" timestamp="20 Jul 2022 14:25:00 GMT" time="225.094" errors="0">
  <testcase name="setUp" time="225.094" classname="Saikumar.sairam.SaiTest"/>
</testsuite> <!-- Saikumar.sairam.SaiTest -->
