<?xml version="1.0" encoding="UTF-8"?>
<!-- Generated by org.testng.reporters.JUnitReportReporter -->
<testsuite skipped="0" hostname="LAPTOP-SE7SPNIA" name="Saikumar.sairam.SaiTest" tests="1" failures="0" timestamp="20 Jul 2022 15:33:03 GMT" time="110.256" errors="0">
  <testcase name="setUp" time="110.256" classname="Saikumar.sairam.SaiTest"/>
</testsuite> <!-- Saikumar.sairam.SaiTest -->
